Example/build/intermediates/manifest_merge_blame_file/debug/manifest-merger-blame-debug-report.txt
1<?xml version="1.0" encoding="utf-8"?>
2<manifest xmlns:android="http://schemas.android.com/apk/res/android"
3    package="com.baianat.psmeter"
4    android:versionCode="1"
5    android:versionName="1.0" >
6
7    <uses-sdk
8        android:minSdkVersion="23"
8-->src\main\AndroidManifest.xml
9        android:targetSdkVersion="30" />
9-->src\main\AndroidManifest.xml
10
11    <uses-permission android:name="android.permission.REORDER_TASKS" />
11-->[androidx.test:core:1.2.0] AndroidManifest.xml:24:5-72
11-->[androidx.test:core:1.2.0] AndroidManifest.xml:24:22-69
12
13    <application
13-->src\main\AndroidManifest.xml:5:5-14:19
14        android:appComponentFactory="androidx.core.app.CoreComponentFactory"
14-->[androidx.core:core:1.5.0] AndroidManifest.xml:24:18-86
15        android:debuggable="true"
16        android:extractNativeLibs="false"
17        android:testOnly="true"
18        android:theme="@style/Theme.MaterialComponents.Light.NoActionBar" >
18-->src\main\AndroidManifest.xml:6:9-74
19        <activity android:name="com.baianat.psmeter.MainActivity" >
19-->src\main\AndroidManifest.xml:7:9-13:20
19-->src\main\AndroidManifest.xml:7:19-47
20            <intent-filter>
20-->src\main\AndroidManifest.xml:8:13-12:29
21                <action android:name="android.intent.action.MAIN" />
21-->src\main\AndroidManifest.xml:9:17-69
21-->src\main\AndroidManifest.xml:9:25-66
22
23                <category android:name="android.intent.category.LAUNCHER" />
23-->src\main\AndroidManifest.xml:11:17-77
23-->src\main\AndroidManifest.xml:11:27-74
24            </intent-filter>
25        </activity>
26        <activity
26-->[androidx.test:core:1.2.0] AndroidManifest.xml:27:9-33:20
27            android:name="androidx.test.core.app.InstrumentationActivityInvoker$BootstrapActivity"
27-->[androidx.test:core:1.2.0] AndroidManifest.xml:28:13-99
28            android:theme="@android:style/Theme" >
28-->[androidx.test:core:1.2.0] AndroidManifest.xml:29:13-49
29            <intent-filter>
29-->[androidx.test:core:1.2.0] AndroidManifest.xml:30:13-32:29
30                <action android:name="android.intent.action.MAIN" />
30-->src\main\AndroidManifest.xml:9:17-69
30-->src\main\AndroidManifest.xml:9:25-66
31            </intent-filter>
32        </activity>
33        <activity
33-->[androidx.test:core:1.2.0] AndroidManifest.xml:34:9-40:20
34            android:name="androidx.test.core.app.InstrumentationActivityInvoker$EmptyActivity"
34-->[androidx.test:core:1.2.0] AndroidManifest.xml:35:13-95
35            android:theme="@android:style/Theme" >
35-->[androidx.test:core:1.2.0] AndroidManifest.xml:36:13-49
36            <intent-filter>
36-->[androidx.test:core:1.2.0] AndroidManifest.xml:30:13-32:29
37                <action android:name="android.intent.action.MAIN" />
37-->src\main\AndroidManifest.xml:9:17-69
37-->src\main\AndroidManifest.xml:9:25-66
38            </intent-filter>
39        </activity>
40        <activity
40-->[androidx.test:core:1.2.0] AndroidManifest.xml:41:9-47:20
41            android:name="androidx.test.core.app.InstrumentationActivityInvoker$EmptyFloatingActivity"
41-->[androidx.test:core:1.2.0] AndroidManifest.xml:42:13-103
42            android:theme="@android:style/Theme.Dialog" >
42-->[androidx.test:core:1.2.0] AndroidManifest.xml:43:13-56
43            <intent-filter>
43-->[androidx.test:core:1.2.0] AndroidManifest.xml:30:13-32:29
44                <action android:name="android.intent.action.MAIN" />
44-->src\main\AndroidManifest.xml:9:17-69
44-->src\main\AndroidManifest.xml:9:25-66
45            </intent-filter>
46        </activity>
47    </application>
48
49</manifest>